2025-01-05 21:23:23,226 INFO o.a.j.u.JMeterUtils: Setting Locale to en_EN
2025-01-05 21:23:23,261 INFO o.a.j.JMeter: Loading user properties from: /opt/apache-jmeter-5.6.3/bin/user.properties
2025-01-05 21:23:23,261 INFO o.a.j.JMeter: Loading system properties from: /opt/apache-jmeter-5.6.3/bin/system.properties
2025-01-05 21:23:23,262 INFO o.a.j.JMeter: Setting JMeter property: jmeter.reportgenerator.overall_statistics_json=true
2025-01-05 21:23:23,262 INFO o.a.j.JMeter: Setting JMeter property: summariser.interval=1
2025-01-05 21:23:23,262 INFO o.a.j.JMeter: Setting JMeter property: summariser.out=true
2025-01-05 21:23:23,262 INFO o.a.j.JMeter: Setting System property: log4j2.formatMsgNoLookups=true
2025-01-05 21:23:23,262 INFO o.a.j.JMeter: Setting System property: jmeter.log.level.root=DEBUG
2025-01-05 21:23:23,269 INFO o.a.j.JMeter: Copyright (c) 1998-2024 The Apache Software Foundation
2025-01-05 21:23:23,270 INFO o.a.j.JMeter: Version 5.6.3
2025-01-05 21:23:23,270 INFO o.a.j.JMeter: java.version=23.0.1
2025-01-05 21:23:23,270 INFO o.a.j.JMeter: java.vm.name=OpenJDK 64-Bit Server VM
2025-01-05 21:23:23,270 INFO o.a.j.JMeter: os.name=Linux
2025-01-05 21:23:23,270 INFO o.a.j.JMeter: os.arch=amd64
2025-01-05 21:23:23,270 INFO o.a.j.JMeter: os.version=5.15.167.4-microsoft-standard-WSL2
2025-01-05 21:23:23,270 INFO o.a.j.JMeter: file.encoding=UTF-8
2025-01-05 21:23:23,271 INFO o.a.j.JMeter: java.awt.headless=true
2025-01-05 21:23:23,271 INFO o.a.j.JMeter: Max memory     =1073741824
2025-01-05 21:23:23,271 INFO o.a.j.JMeter: Available Processors =8
2025-01-05 21:23:23,291 INFO o.a.j.JMeter: Default Locale=English (EN)
2025-01-05 21:23:23,292 INFO o.a.j.JMeter: JMeter  Locale=English (EN)
2025-01-05 21:23:23,292 INFO o.a.j.JMeter: JMeterHome=/opt/apache-jmeter-5.6.3
2025-01-05 21:23:23,292 INFO o.a.j.JMeter: user.dir  =/jmeter
2025-01-05 21:23:23,292 INFO o.a.j.JMeter: PWD       =/jmeter
2025-01-05 21:23:23,292 INFO o.a.j.JMeter: IP: 172.17.0.2 Name: a041d349efc3 FullName: a041d349efc3
2025-01-05 21:23:23,307 INFO o.a.j.JMeter: Setting property 'jmeter.reportgenerator.outputdir' to:'/jmeter/dashboard'
2025-01-05 21:23:23,310 INFO o.a.j.s.FileServer: Default base='/jmeter'
2025-01-05 21:23:23,311 INFO o.a.j.s.FileServer: Set new base='/jmeter'
2025-01-05 21:23:23,689 INFO o.a.j.s.SaveService: Testplan (JMX) version: 2.2. Testlog (JTL) version: 2.2
2025-01-05 21:23:23,729 INFO o.a.j.s.SaveService: Using SaveService properties version 5.0
2025-01-05 21:23:23,733 INFO o.a.j.s.SaveService: Using SaveService properties file encoding UTF-8
2025-01-05 21:23:23,737 INFO o.a.j.s.SaveService: Loading file: perf_test.jmx
2025-01-05 21:23:23,800 INFO o.a.j.p.h.s.HTTPSamplerBase: Parser for text/html is org.apache.jmeter.protocol.http.parser.LagartoBasedHtmlParser
2025-01-05 21:23:23,801 INFO o.a.j.p.h.s.HTTPSamplerBase: Parser for application/xhtml+xml is org.apache.jmeter.protocol.http.parser.LagartoBasedHtmlParser
2025-01-05 21:23:23,801 INFO o.a.j.p.h.s.HTTPSamplerBase: Parser for application/xml is org.apache.jmeter.protocol.http.parser.LagartoBasedHtmlParser
2025-01-05 21:23:23,801 INFO o.a.j.p.h.s.HTTPSamplerBase: Parser for text/xml is org.apache.jmeter.protocol.http.parser.LagartoBasedHtmlParser
2025-01-05 21:23:23,801 INFO o.a.j.p.h.s.HTTPSamplerBase: Parser for text/vnd.wap.wml is org.apache.jmeter.protocol.http.parser.RegexpHTMLParser
2025-01-05 21:23:23,801 INFO o.a.j.p.h.s.HTTPSamplerBase: Parser for text/css is org.apache.jmeter.protocol.http.parser.CssParser
2025-01-05 21:23:23,859 INFO o.a.j.JMeter: Creating summariser <summary>
2025-01-05 21:23:23,867 INFO o.a.j.r.d.ReportGenerator: ReportGenerator will use for Parsing the separator: ','
2025-01-05 21:23:23,867 INFO o.a.j.r.d.ReportGenerator: Will generate report at end of test from  results file: /jmeter/results.jtl
2025-01-05 21:23:23,868 INFO o.a.j.r.d.ReportGenerator: Reading report generator properties from: /opt/apache-jmeter-5.6.3/bin/reportgenerator.properties
2025-01-05 21:23:23,869 INFO o.a.j.r.d.ReportGenerator: Merging with JMeter properties
2025-01-05 21:23:23,875 INFO o.a.j.r.c.ReportGeneratorConfiguration: Property 'jmeter.reportgenerator.temp_dir' not found, using default value 'temp' instead.
2025-01-05 21:23:23,878 INFO o.a.j.r.c.ReportGeneratorConfiguration: Property 'jmeter.reportgenerator.apdex_per_transaction' not found, using default value 'null' instead.
2025-01-05 21:23:23,879 INFO o.a.j.r.c.ReportGeneratorConfiguration: apdex_per_transaction is empty, not APDEX per transaction customization
2025-01-05 21:23:23,879 INFO o.a.j.r.c.ReportGeneratorConfiguration: Property 'jmeter.reportgenerator.sample_filter' not found, using default value 'null' instead.
2025-01-05 21:23:23,879 INFO o.a.j.r.c.ReportGeneratorConfiguration: Property 'jmeter.reportgenerator.report_title' not found, using default value 'null' instead.
2025-01-05 21:23:23,879 INFO o.a.j.r.c.ReportGeneratorConfiguration: Property 'jmeter.reportgenerator.start_date' not found, using default value 'null' instead.
2025-01-05 21:23:23,879 INFO o.a.j.r.c.ReportGeneratorConfiguration: Property 'jmeter.reportgenerator.end_date' not found, using default value 'null' instead.
2025-01-05 21:23:23,879 INFO o.a.j.r.c.ReportGeneratorConfiguration: Property 'jmeter.reportgenerator.date_format' not found, using default value 'null' instead.
2025-01-05 21:23:23,880 INFO o.a.j.r.c.ReportGeneratorConfiguration: Will use date range start date: null, end date: null
2025-01-05 21:23:23,886 INFO o.a.j.r.c.ReportGeneratorConfiguration: Property 'jmeter.reportgenerator.graph.totalTPS.exclude_controllers' not found, using default value 'false' instead.
2025-01-05 21:23:23,887 INFO o.a.j.r.c.ReportGeneratorConfiguration: Property 'jmeter.reportgenerator.graph.activeThreadsOverTime.exclude_controllers' not found, using default value 'false' instead.
2025-01-05 21:23:23,887 INFO o.a.j.r.c.ReportGeneratorConfiguration: Property 'jmeter.reportgenerator.graph.timeVsThreads.exclude_controllers' not found, using default value 'false' instead.
2025-01-05 21:23:23,887 INFO o.a.j.r.c.ReportGeneratorConfiguration: Property 'jmeter.reportgenerator.graph.responseTimeDistribution.exclude_controllers' not found, using default value 'false' instead.
2025-01-05 21:23:23,888 INFO o.a.j.r.c.ReportGeneratorConfiguration: Property 'jmeter.reportgenerator.graph.transactionsPerSecond.exclude_controllers' not found, using default value 'false' instead.
2025-01-05 21:23:23,888 INFO o.a.j.r.c.ReportGeneratorConfiguration: Property 'jmeter.reportgenerator.graph.responseTimePercentiles.exclude_controllers' not found, using default value 'false' instead.
2025-01-05 21:23:23,888 INFO o.a.j.r.c.ReportGeneratorConfiguration: Property 'jmeter.reportgenerator.graph.responseTimePercentilesOverTime.exclude_controllers' not found, using default value 'false' instead.
2025-01-05 21:23:23,888 INFO o.a.j.r.c.ReportGeneratorConfiguration: Property 'jmeter.reportgenerator.graph.responseTimesOverTime.exclude_controllers' not found, using default value 'false' instead.
2025-01-05 21:23:23,889 INFO o.a.j.r.c.ReportGeneratorConfiguration: Property 'jmeter.reportgenerator.graph.connectTimeOverTime.exclude_controllers' not found, using default value 'false' instead.
2025-01-05 21:23:23,889 INFO o.a.j.r.c.ReportGeneratorConfiguration: Property 'jmeter.reportgenerator.graph.latenciesOverTime.exclude_controllers' not found, using default value 'false' instead.
2025-01-05 21:23:23,890 INFO o.a.j.r.c.ReportGeneratorConfiguration: Property 'jmeter.reportgenerator.exporter.json.filters_only_sample_series' not found, using default value 'true' instead.
2025-01-05 21:23:23,891 INFO o.a.j.r.c.ReportGeneratorConfiguration: Property 'jmeter.reportgenerator.exporter.json.series_filter' not found, using default value '' instead.
2025-01-05 21:23:23,891 INFO o.a.j.r.c.ReportGeneratorConfiguration: Property 'jmeter.reportgenerator.exporter.json.show_controllers_only' not found, using default value 'false' instead.
2025-01-05 21:23:23,892 INFO o.a.j.r.c.ReportGeneratorConfiguration: Property 'jmeter.reportgenerator.exporter.html.filters_only_sample_series' not found, using default value 'true' instead.
2025-01-05 21:23:23,892 INFO o.a.j.r.c.ReportGeneratorConfiguration: Property 'jmeter.reportgenerator.exporter.html.series_filter' not found, using default value '' instead.
2025-01-05 21:23:23,892 INFO o.a.j.r.c.ReportGeneratorConfiguration: Property 'jmeter.reportgenerator.exporter.html.show_controllers_only' not found, using default value 'false' instead.
2025-01-05 21:23:23,908 INFO o.a.j.e.StandardJMeterEngine: Running the test!
2025-01-05 21:23:23,909 INFO o.a.j.s.SampleEvent: List of sample_variables: []
2025-01-05 21:23:23,909 INFO o.a.j.s.SampleEvent: List of sample_variables: []
2025-01-05 21:23:23,914 INFO o.a.j.e.u.CompoundVariable: Note: Function class names must contain the string: '.functions.'
2025-01-05 21:23:23,915 INFO o.a.j.e.u.CompoundVariable: Note: Function class names must not contain the string: '.gui.'
2025-01-05 21:23:24,007 INFO o.a.j.JMeter: Running test (1736112204007)
2025-01-05 21:23:24,008 INFO o.a.j.e.StandardJMeterEngine: Starting setUp thread groups
2025-01-05 21:23:24,008 INFO o.a.j.e.StandardJMeterEngine: Starting setUp ThreadGroup: 1 : Warm Up Thread Group 
2025-01-05 21:23:24,008 INFO o.a.j.e.StandardJMeterEngine: Starting 1 threads for group Warm Up Thread Group.
2025-01-05 21:23:24,008 INFO o.a.j.e.StandardJMeterEngine: Thread will continue on error
2025-01-05 21:23:24,008 INFO o.a.j.t.ThreadGroup: Starting thread group... number=1 threads=1 ramp-up=1 delayedStart=false
2025-01-05 21:23:24,011 INFO o.a.j.t.ThreadGroup: Started thread group number 1
2025-01-05 21:23:24,012 INFO o.a.j.e.StandardJMeterEngine: Waiting for all setup thread groups to exit
2025-01-05 21:23:24,013 INFO o.a.j.t.JMeterThread: Thread started: Warm Up Thread Group 1-1
2025-01-05 21:23:24,036 INFO o.a.j.p.h.s.HTTPHCAbstractImpl: Local host = a041d349efc3
2025-01-05 21:23:24,045 INFO o.a.j.p.h.s.HTTPHC4Impl: HTTP request retry count = 0
2025-01-05 21:23:24,046 INFO o.a.j.s.SampleResult: Note: Sample TimeStamps are START times
2025-01-05 21:23:24,046 INFO o.a.j.s.SampleResult: sampleresult.default.encoding is set to UTF-8
2025-01-05 21:23:24,046 INFO o.a.j.s.SampleResult: sampleresult.useNanoTime=true
2025-01-05 21:23:24,047 INFO o.a.j.s.SampleResult: sampleresult.nanoThreadSleep=5000
2025-01-05 21:23:27,563 INFO o.a.j.r.Summariser: summary +      1 in 00:00:04 =    0.3/s Avg:  3424 Min:  3424 Max:  3424 Err:     0 (0.00%) Active: 1 Started: 1 Finished: 0
2025-01-05 21:23:28,352 INFO o.a.j.t.JMeterThread: Thread is done: Warm Up Thread Group 1-1
2025-01-05 21:23:28,352 INFO o.a.j.t.JMeterThread: Thread finished: Warm Up Thread Group 1-1
2025-01-05 21:23:28,353 INFO o.a.j.e.StandardJMeterEngine: All Setup Threads have ended
2025-01-05 21:23:28,368 INFO o.a.j.e.StandardJMeterEngine: Starting ThreadGroup: 1 : Main Thread Group
2025-01-05 21:23:28,368 INFO o.a.j.e.StandardJMeterEngine: Starting 1 threads for group Main Thread Group.
2025-01-05 21:23:28,369 INFO o.a.j.e.StandardJMeterEngine: Thread will continue on error
2025-01-05 21:23:28,369 INFO o.a.j.t.ThreadGroup: Starting thread group... number=1 threads=1 ramp-up=1 delayedStart=false
2025-01-05 21:23:28,369 INFO o.a.j.t.ThreadGroup: Started thread group number 1
2025-01-05 21:23:28,369 INFO o.a.j.e.StandardJMeterEngine: All thread groups have been started
2025-01-05 21:23:28,370 INFO o.a.j.t.JMeterThread: Thread started: Main Thread Group 1-1
2025-01-05 21:23:33,630 INFO o.a.j.r.Summariser: summary +     10 in 00:00:06 =    1.6/s Avg:   226 Min:   195 Max:   423 Err:     0 (0.00%) Active: 1 Started: 1 Finished: 0
2025-01-05 21:23:33,630 INFO o.a.j.r.Summariser: summary =     11 in 00:00:10 =    1.1/s Avg:   517 Min:   195 Max:  3424 Err:     0 (0.00%)
2025-01-05 21:23:37,630 INFO o.a.j.t.JMeterThread: Thread is done: Main Thread Group 1-1
2025-01-05 21:23:37,630 INFO o.a.j.t.JMeterThread: Thread finished: Main Thread Group 1-1
2025-01-05 21:23:37,630 INFO o.a.j.e.StandardJMeterEngine: Notifying test listeners of end of test
2025-01-05 21:23:37,631 INFO o.a.j.r.Summariser: summary +      4 in 00:00:04 =    1.0/s Avg:   212 Min:   211 Max:   215 Err:     0 (0.00%) Active: 0 Started: 1 Finished: 1
2025-01-05 21:23:37,631 INFO o.a.j.r.Summariser: summary =     15 in 00:00:14 =    1.1/s Avg:   435 Min:   195 Max:  3424 Err:     0 (0.00%)
2025-01-05 21:23:37,631 INFO o.a.j.JMeter: Generating Dashboard
2025-01-05 21:23:37,632 INFO o.a.j.r.d.ReportGenerator: Flushing result collector before report Generation
2025-01-05 21:23:37,641 INFO o.a.j.r.p.NormalizerSampleConsumer: Using format, 'ms', to parse timeStamp field
2025-01-05 21:23:37,694 INFO o.a.j.r.p.AbstractSampleConsumer: class org.apache.jmeter.report.processor.AggregateConsumer#stopProducing(): beginDate produced 0 samples
2025-01-05 21:23:37,695 INFO o.a.j.r.p.AbstractSampleConsumer: class org.apache.jmeter.report.processor.AggregateConsumer#stopProducing(): endDate produced 0 samples
2025-01-05 21:23:37,696 INFO o.a.j.r.p.AbstractSampleConsumer: class org.apache.jmeter.report.processor.ApdexSummaryConsumer#stopProducing(): apdexSummary produced 0 samples
2025-01-05 21:23:37,696 INFO o.a.j.r.p.AbstractSampleConsumer: class org.apache.jmeter.report.processor.RequestsSummaryConsumer#stopProducing(): requestsSummary produced 0 samples
2025-01-05 21:23:37,703 INFO o.a.j.r.p.AbstractSampleConsumer: class org.apache.jmeter.report.processor.StatisticsSummaryConsumer#stopProducing(): statisticsSummary produced 0 samples
2025-01-05 21:23:37,705 INFO o.a.j.r.p.AbstractSampleConsumer: class org.apache.jmeter.report.processor.Top5ErrorsBySamplerConsumer#stopProducing(): top5ErrorsBySampler produced 0 samples
2025-01-05 21:23:37,705 INFO o.a.j.r.p.AbstractSampleConsumer: class org.apache.jmeter.report.processor.ErrorsSummaryConsumer#stopProducing(): errorsSummary produced 0 samples
2025-01-05 21:23:37,705 INFO o.a.j.r.p.AbstractSampleConsumer: class org.apache.jmeter.report.processor.graph.impl.HitsPerSecondGraphConsumer#stopProducing(): hitsPerSecond produced 0 samples
2025-01-05 21:23:37,716 INFO o.a.j.r.p.AbstractSampleConsumer: class org.apache.jmeter.report.processor.graph.impl.LatencyVSRequestGraphConsumer#stopProducing(): latencyVsRequest produced 0 samples
2025-01-05 21:23:37,716 INFO o.a.j.r.p.AbstractSampleConsumer: class org.apache.jmeter.report.processor.graph.impl.SyntheticResponseTimeDistributionGraphConsumer#stopProducing(): syntheticResponseTimeDistribution produced 0 samples
2025-01-05 21:23:37,717 INFO o.a.j.r.p.AbstractSampleConsumer: class org.apache.jmeter.report.processor.graph.impl.BytesThroughputGraphConsumer#stopProducing(): bytesThroughputOverTime produced 0 samples
2025-01-05 21:23:37,717 INFO o.a.j.r.p.AbstractSampleConsumer: class org.apache.jmeter.report.processor.graph.impl.CodesPerSecondGraphConsumer#stopProducing(): codesPerSecond produced 0 samples
2025-01-05 21:23:37,720 INFO o.a.j.r.p.AbstractSampleConsumer: class org.apache.jmeter.report.processor.graph.impl.ResponseTimeVSRequestGraphConsumer#stopProducing(): responseTimeVsRequest produced 0 samples
2025-01-05 21:23:37,720 INFO o.a.j.r.p.AbstractSampleConsumer: class org.apache.jmeter.report.processor.FilterConsumer#stopProducing(): startIntervalControlerFilter produced 105 samples
2025-01-05 21:23:37,720 INFO o.a.j.r.p.AbstractSampleConsumer: class org.apache.jmeter.report.processor.graph.impl.TotalTPSGraphConsumer#stopProducing(): totalTPS produced 0 samples
2025-01-05 21:23:37,720 INFO o.a.j.r.p.AbstractSampleConsumer: class org.apache.jmeter.report.processor.graph.impl.ActiveThreadsGraphConsumer#stopProducing(): activeThreadsOverTime produced 0 samples
2025-01-05 21:23:37,720 INFO o.a.j.r.p.AbstractSampleConsumer: class org.apache.jmeter.report.processor.graph.impl.TimeVSThreadGraphConsumer#stopProducing(): timeVsThreads produced 0 samples
2025-01-05 21:23:37,720 INFO o.a.j.r.p.AbstractSampleConsumer: class org.apache.jmeter.report.processor.graph.impl.ResponseTimeDistributionGraphConsumer#stopProducing(): responseTimeDistribution produced 0 samples
2025-01-05 21:23:37,721 INFO o.a.j.r.p.AbstractSampleConsumer: class org.apache.jmeter.report.processor.graph.impl.TransactionsPerSecondGraphConsumer#stopProducing(): transactionsPerSecond produced 0 samples
2025-01-05 21:23:37,721 INFO o.a.j.r.p.AbstractSampleConsumer: class org.apache.jmeter.report.processor.graph.impl.ResponseTimePercentilesGraphConsumer#stopProducing(): responseTimePercentiles produced 0 samples
2025-01-05 21:23:37,722 INFO o.a.j.r.p.AbstractSampleConsumer: class org.apache.jmeter.report.processor.graph.impl.ResponseTimePercentilesOverTimeGraphConsumer#stopProducing(): responseTimePercentilesOverTime produced 0 samples
2025-01-05 21:23:37,723 INFO o.a.j.r.p.AbstractSampleConsumer: class org.apache.jmeter.report.processor.graph.impl.ResponseTimeOverTimeGraphConsumer#stopProducing(): responseTimesOverTime produced 0 samples
2025-01-05 21:23:37,723 INFO o.a.j.r.p.AbstractSampleConsumer: class org.apache.jmeter.report.processor.graph.impl.ConnectTimeOverTimeGraphConsumer#stopProducing(): connectTimeOverTime produced 0 samples
2025-01-05 21:23:37,723 INFO o.a.j.r.p.AbstractSampleConsumer: class org.apache.jmeter.report.processor.graph.impl.LatencyOverTimeGraphConsumer#stopProducing(): latenciesOverTime produced 0 samples
2025-01-05 21:23:37,723 INFO o.a.j.r.p.AbstractSampleConsumer: class org.apache.jmeter.report.processor.FilterConsumer#stopProducing(): nameFilter produced 225 samples
2025-01-05 21:23:37,723 INFO o.a.j.r.p.AbstractSampleConsumer: class org.apache.jmeter.report.processor.FilterConsumer#stopProducing(): dateRangeFilter produced 45 samples
2025-01-05 21:23:37,723 INFO o.a.j.r.p.AbstractSampleConsumer: class org.apache.jmeter.report.processor.NormalizerSampleConsumer#stopProducing(): normalizer produced 15 samples
2025-01-05 21:23:37,724 INFO o.a.j.r.p.CsvFileSampleSource: produce(): 15 samples produced in 63ms on channel 0
2025-01-05 21:23:37,724 INFO o.a.j.r.d.ReportGenerator: Exporting data using exporter:'json' of className:'org.apache.jmeter.report.dashboard.JsonExporter'
2025-01-05 21:23:37,792 INFO o.a.j.r.d.JsonExporter: Found data for consumer statisticsSummary in context
2025-01-05 21:23:37,792 INFO o.a.j.r.d.JsonExporter: Creating statistics for overall
2025-01-05 21:23:37,792 INFO o.a.j.r.d.JsonExporter: Creating statistics for other transactions
2025-01-05 21:23:37,793 INFO o.a.j.r.d.JsonExporter: Checking output folder
2025-01-05 21:23:37,793 INFO o.a.j.r.d.JsonExporter: Writing statistics JSON to /jmeter/dashboard/statistics.json
2025-01-05 21:23:37,827 INFO o.a.j.r.d.ReportGenerator: Exporting data using exporter:'html' of className:'org.apache.jmeter.report.dashboard.HtmlTemplateExporter'
2025-01-05 21:23:37,829 INFO o.a.j.r.d.HtmlTemplateExporter: Will generate dashboard in folder: /jmeter/dashboard
2025-01-05 21:23:37,947 INFO o.a.j.r.d.HtmlTemplateExporter: Report will be generated in: /jmeter/dashboard, creating folder structure
2025-01-05 21:23:37,949 INFO o.a.j.r.d.TemplateVisitor: Copying folder from '/opt/apache-jmeter-5.6.3/bin/report-template' to '/jmeter/dashboard', got message: /jmeter/dashboard, found non empty folder with following content [/jmeter/dashboard/statistics.json], will be ignored
2025-01-05 21:23:38,304 INFO o.a.j.JMeter: Dashboard generated
